Using pre-set license
Built from '2022.2/release' branch; Version is '2022.2.13f1 (5f5de2657605) revision 6249954'; Using compiler version '192829333'; Build Type 'Release'
OS: 'Windows 10  (10.0.19045) 64bit Core' Language: 'en' Physical Memory: 65444 MB
BatchMode: 1, IsHumanControllingUs: 0, StartBugReporterOnCrash: 0, Is64bit: 1, IsPro: 1

COMMAND LINE ARGUMENTS:
D:\2022.2.13f1\Editor\Unity.exe
-adb2
-batchMode
-noUpm
-name
AssetImportWorker0
-projectPath
D:/github/Console-Game/Project/AtlusA
-logFile
Logs/AssetImportWorker0.log
-srvPort
57408
Successfully changed project path to: D:/github/Console-Game/Project/AtlusA
D:/github/Console-Game/Project/AtlusA
[UnityMemory] Configuration Parameters - Can be set up in boot.config
    "memorysetup-bucket-allocator-granularity=16"
    "memorysetup-bucket-allocator-bucket-count=8"
    "memorysetup-bucket-allocator-block-size=33554432"
    "memorysetup-bucket-allocator-block-count=8"
    "memorysetup-main-allocator-block-size=16777216"
    "memorysetup-thread-allocator-block-size=16777216"
    "memorysetup-gfx-main-allocator-block-size=16777216"
    "memorysetup-gfx-thread-allocator-block-size=16777216"
    "memorysetup-cache-allocator-block-size=4194304"
    "memorysetup-typetree-allocator-block-size=2097152"
    "memorysetup-profiler-bucket-allocator-granularity=16"
    "memorysetup-profiler-bucket-allocator-bucket-count=8"
    "memorysetup-profiler-bucket-allocator-block-size=33554432"
    "memorysetup-profiler-bucket-allocator-block-count=8"
    "memorysetup-profiler-allocator-block-size=16777216"
    "memorysetup-profiler-editor-allocator-block-size=1048576"
    "memorysetup-temp-allocator-size-main=16777216"
    "memorysetup-job-temp-allocator-block-size=2097152"
    "memorysetup-job-temp-allocator-block-size-background=1048576"
    "memorysetup-job-temp-allocator-reduction-small-platforms=262144"
    "memorysetup-temp-allocator-size-background-worker=32768"
    "memorysetup-temp-allocator-size-job-worker=262144"
    "memorysetup-temp-allocator-size-preload-manager=33554432"
    "memorysetup-temp-allocator-size-nav-mesh-worker=65536"
    "memorysetup-temp-allocator-size-audio-worker=65536"
    "memorysetup-temp-allocator-size-cloud-worker=32768"
    "memorysetup-temp-allocator-size-gi-baking-worker=262144"
    "memorysetup-temp-allocator-size-gfx=262144"
Player connection [19048] Host "[IP] 192.168.233.1 [Port] 0 [Flags] 2 [Guid] 3899805439 [EditorId] 3899805439 [Version] 1048832 [Id] WindowsEditor(7,WINDOWS-7OO5T81) [Debug] 1 [PackageName] WindowsEditor [ProjectName] Editor" joined multi-casting on [225.0.0.222:54997]...

Player connection [19048] Host "[IP] 192.168.233.1 [Port] 0 [Flags] 2 [Guid] 3899805439 [EditorId] 3899805439 [Version] 1048832 [Id] WindowsEditor(7,WINDOWS-7OO5T81) [Debug] 1 [PackageName] WindowsEditor [ProjectName] Editor" joined alternative multi-casting on [225.0.0.222:34997]...

Refreshing native plugins compatible for Editor in 6.15 ms, found 3 plugins.
Preloading 0 native plugins for Editor in 0.00 ms.
Initialize engine version: 2022.2.13f1 (5f5de2657605)
[Subsystems] Discovering subsystems at path D:/2022.2.13f1/Editor/Data/Resources/UnitySubsystems
[Subsystems] Discovering subsystems at path D:/github/Console-Game/Project/AtlusA/Assets
GfxDevice: creating device client; threaded=0; jobified=0
Direct3D:
    Version:  Direct3D 11.0 [level 11.1]
    Renderer: NVIDIA GeForce RTX 3080 (ID=0x2206)
    Vendor:   NVIDIA
    VRAM:     10053 MB
    Driver:   31.0.15.5152
Initialize mono
Mono path[0] = 'D:/2022.2.13f1/Editor/Data/Managed'
Mono path[1] = 'D:/2022.2.13f1/Editor/Data/MonoBleedingEdge/lib/mono/unityjit-win32'
Mono config path = 'D:/2022.2.13f1/Editor/Data/MonoBleedingEdge/etc'
Using monoOptions --debugger-agent=transport=dt_socket,embedding=1,server=y,suspend=n,address=127.0.0.1:56748
Begin MonoManager ReloadAssembly
Registering precompiled unity dll's ...
Register platform support module: D:/2022.2.13f1/Editor/Data/PlaybackEngines/WindowsStandaloneSupport/UnityEditor.WindowsStandalone.Extensions.dll
Registered in 0.002866 seconds.
- Loaded All Assemblies, in  0.226 seconds
Native extension for WindowsStandalone target not found
Mono: successfully reloaded assembly
- Finished resetting the current domain, in  0.187 seconds
Domain Reload Profiling:
	ReloadAssembly (142ms)
		BeginReloadAssembly (76ms)
			ExecutionOrderSort (0ms)
			DisableScriptedObjects (0ms)
			BackupInstance (0ms)
			ReleaseScriptingObjects (0ms)
			CreateAndSetChildDomain (1ms)
		LoadAllAssembliesAndSetupDomain (0ms)
			LoadAssemblies (76ms)
			RebuildTransferFunctionScriptingTraits (0ms)
			SetupTypeCache (80ms)
				TypeCache.Initialize (79ms)
					TypeCache.ScanAssembly (78ms)
				ResolveRequiredComponents (0ms)
		FinalizeReload (0ms)
			ReleaseScriptCaches (0ms)
			RebuildScriptCaches (0ms)
			SetupLoadedEditorAssemblies (145ms)
				LogAssemblyErrors (0ms)
				InitializePlatformSupportModulesInManaged (6ms)
				SetLoadedEditorAssemblies (5ms)
				RefreshPlugins (0ms)
				BeforeProcessingInitializeOnLoad (1ms)
				ProcessInitializeOnLoadAttributes (101ms)
				ProcessInitializeOnLoadMethodAttributes (32ms)
				AfterProcessingInitializeOnLoad (0ms)
				EditorAssembliesLoaded (0ms)
			ExecutionOrderSort2 (0ms)
			AwakeInstancesAfterBackupRestoration (0ms)
========================================================================
Worker process is ready to serve import requests
Begin MonoManager ReloadAssembly
- Loaded All Assemblies, in  0.484 seconds
Refreshing native plugins compatible for Editor in 2.09 ms, found 3 plugins.
Native extension for WindowsStandalone target not found
Mono: successfully reloaded assembly
- Finished resetting the current domain, in  0.388 seconds
Domain Reload Profiling:
	ReloadAssembly (168ms)
		BeginReloadAssembly (109ms)
			ExecutionOrderSort (0ms)
			DisableScriptedObjects (4ms)
			BackupInstance (0ms)
			ReleaseScriptingObjects (0ms)
			CreateAndSetChildDomain (17ms)
		LoadAllAssembliesAndSetupDomain (316ms)
			LoadAssemblies (184ms)
			RebuildTransferFunctionScriptingTraits (0ms)
			SetupTypeCache (195ms)
				TypeCache.Initialize (182ms)
					TypeCache.ScanAssembly (179ms)
				ResolveRequiredComponents (3ms)
		FinalizeReload (0ms)
			ReleaseScriptCaches (0ms)
			RebuildScriptCaches (0ms)
			SetupLoadedEditorAssemblies (285ms)
				LogAssemblyErrors (0ms)
				InitializePlatformSupportModulesInManaged (3ms)
				SetLoadedEditorAssemblies (3ms)
				RefreshPlugins (0ms)
				BeforeProcessingInitializeOnLoad (39ms)
				ProcessInitializeOnLoadAttributes (225ms)
				ProcessInitializeOnLoadMethodAttributes (12ms)
				AfterProcessingInitializeOnLoad (2ms)
				EditorAssembliesLoaded (0ms)
			ExecutionOrderSort2 (0ms)
			AwakeInstancesAfterBackupRestoration (5ms)
Launched and connected shader compiler UnityShaderCompiler.exe after 0.03 seconds
Refreshing native plugins compatible for Editor in 1.95 ms, found 3 plugins.
Preloading 0 native plugins for Editor in 0.00 ms.
Unloading 3255 Unused Serialized files (Serialized files now loaded: 0)
Unloading 44 unused Assets / (140.3 KB). Loaded Objects now: 3739.
Memory consumption went from 127.1 MB to 127.0 MB.
Total: 2.749300 ms (FindLiveObjects: 0.238700 ms CreateObjectMapping: 0.195900 ms MarkObjects: 2.211700 ms  DeleteObjects: 0.102300 ms)

AssetImportParameters requested are different than current active one (requested -> active):
  custom:container-demuxer-ogg: 62fdf1f143b41e24485cea50d1cbac27 -> 
  custom:video-decoder-ogg-theora: a1e56fd34408186e4bbccfd4996cb3dc -> 
  custom:framework-win-MediaFoundation: 216162199b28c13a410421893ffa2e32 -> 
  custom:container-demuxer-webm: 4f35f7cbe854078d1ac9338744f61a02 -> 
  custom:container-muxer-webm: aa71ff27fc2769a1b78a27578f13a17b -> 
  custom:video-decoder-webm-vp8: 9c59270c3fd7afecdb556c50c9e8de78 -> 
  custom:AudioImporter_EditorPlatform: d09bf68614088b80899f8185d706f6e7 -> 
  custom:video-encoder-webm-vp8: eb34c28f22e8b96e1ab97ce403110664 -> 
  custom:audio-decoder-ogg-vorbis: bf7c407c2cedff20999df2af8eb42d56 -> 
  custom:audio-encoder-webm-vorbis: bf7c407c2cedff20999df2af8eb42d56 -> 
========================================================================
Received Import Request.
  Time since last request: 30793.661243 seconds.
  path: Assets/savabels/money/cog.mat
  artifactKey: Guid(f67a34c4dc1447b45a9115ff301ea5cf) Importer(815301076,1909f56bfc062723c751e8b465ee728b)
Start importing Assets/savabels/money/cog.mat using Guid(f67a34c4dc1447b45a9115ff301ea5cf) Importer(815301076,1909f56bfc062723c751e8b465ee728b)  -> (artifact id: 'abe598f4b7af017547dbfbf400fbb7aa') in 0.095269 seconds
Number of updated asset objects reloaded before import = 0
Number of asset objects unloaded after import = 2
========================================================================
Received Import Request.
  Time since last request: 20.389721 seconds.
  path: Assets/area/Materials
  artifactKey: Guid(ba72c060cec77294a9f7b4ce9ad68136) Importer(815301076,1909f56bfc062723c751e8b465ee728b)
Start importing Assets/area/Materials using Guid(ba72c060cec77294a9f7b4ce9ad68136) Importer(815301076,1909f56bfc062723c751e8b465ee728b)  -> (artifact id: 'dcda63f690276bb6c0aa4d556ea8df85') in 0.000365 seconds
Number of updated asset objects reloaded before import = 0
Number of asset objects unloaded after import = 0
========================================================================
Received Import Request.
  Time since last request: 0.049870 seconds.
  path: Assets/area/Materials/SAND orang.mat
  artifactKey: Guid(7349834637f910c4cb37aec7ade2f72c) Importer(815301076,1909f56bfc062723c751e8b465ee728b)
Start importing Assets/area/Materials/SAND orang.mat using Guid(7349834637f910c4cb37aec7ade2f72c) Importer(815301076,1909f56bfc062723c751e8b465ee728b)  -> (artifact id: '8ca65ea8b72b7d981ae972efffae99b9') in 0.017160 seconds
Number of updated asset objects reloaded before import = 0
Number of asset objects unloaded after import = 2
========================================================================
Received Import Request.
  Time since last request: 33.652792 seconds.
  path: Assets/area/road/Materials/br3.mat
  artifactKey: Guid(7b1e5f013c380824d9d70ba393cebd54) Importer(815301076,1909f56bfc062723c751e8b465ee728b)
Start importing Assets/area/road/Materials/br3.mat using Guid(7b1e5f013c380824d9d70ba393cebd54) Importer(815301076,1909f56bfc062723c751e8b465ee728b)  -> (artifact id: 'e4aa58e70b750c9c854a5a27c97ffd75') in 0.024374 seconds
Number of updated asset objects reloaded before import = 0
Number of asset objects unloaded after import = 2
========================================================================
Received Import Request.
  Time since last request: 2.946554 seconds.
  path: Assets/area/road/Materials/Materials
  artifactKey: Guid(02389f71d9febbf44a98d315a472b2f2) Importer(815301076,1909f56bfc062723c751e8b465ee728b)
Start importing Assets/area/road/Materials/Materials using Guid(02389f71d9febbf44a98d315a472b2f2) Importer(815301076,1909f56bfc062723c751e8b465ee728b)  -> (artifact id: '45a1662404602a28272680ba12bfc761') in 0.000350 seconds
Number of updated asset objects reloaded before import = 0
Number of asset objects unloaded after import = 0
========================================================================
Received Import Request.
  Time since last request: 0.087841 seconds.
  path: Assets/area/road/Materials/Materials/buildinggg.mat
  artifactKey: Guid(a6fa0ab5fad116042aabfb68ea964b5e) Importer(815301076,1909f56bfc062723c751e8b465ee728b)
Start importing Assets/area/road/Materials/Materials/buildinggg.mat using Guid(a6fa0ab5fad116042aabfb68ea964b5e) Importer(815301076,1909f56bfc062723c751e8b465ee728b)  -> (artifact id: '221661ad7303594fa474eaa599ce35ed') in 0.015601 seconds
Number of updated asset objects reloaded before import = 0
Number of asset objects unloaded after import = 2
========================================================================
Received Import Request.
  Time since last request: 4.326041 seconds.
  path: Assets/charicter/MODEL/Materials
  artifactKey: Guid(9c836227d9ede36498b1617e9c108c87) Importer(815301076,1909f56bfc062723c751e8b465ee728b)
Start importing Assets/charicter/MODEL/Materials using Guid(9c836227d9ede36498b1617e9c108c87) Importer(815301076,1909f56bfc062723c751e8b465ee728b)  -> (artifact id: '61ef21a54509c815287a6e8132334cad') in 0.000392 seconds
Number of updated asset objects reloaded before import = 0
Number of asset objects unloaded after import = 0
========================================================================
Received Import Request.
  Time since last request: 0.046936 seconds.
  path: Assets/charicter/MODEL/Materials/tv fella.mat
  artifactKey: Guid(cc907cfe3f5fc1c46b6fb79d323ff661) Importer(815301076,1909f56bfc062723c751e8b465ee728b)
Start importing Assets/charicter/MODEL/Materials/tv fella.mat using Guid(cc907cfe3f5fc1c46b6fb79d323ff661) Importer(815301076,1909f56bfc062723c751e8b465ee728b)  -> (artifact id: '3c4cf8fa413db60d94329f62e23473a2') in 0.009465 seconds
Number of updated asset objects reloaded before import = 0
Number of asset objects unloaded after import = 2
========================================================================
Received Import Request.
  Time since last request: 7.439116 seconds.
  path: Assets/savabels
  artifactKey: Guid(c79e742e7c1c1364bb3f2671a908ff84) Importer(815301076,1909f56bfc062723c751e8b465ee728b)
Start importing Assets/savabels using Guid(c79e742e7c1c1364bb3f2671a908ff84) Importer(815301076,1909f56bfc062723c751e8b465ee728b)  -> (artifact id: 'dba73688c85d47af83240d659c9f76e2') in 0.000392 seconds
Number of updated asset objects reloaded before import = 0
Number of asset objects unloaded after import = 0
========================================================================
Received Import Request.
  Time since last request: 0.797185 seconds.
  path: Assets/savabels/money
  artifactKey: Guid(07e73778bf50043418638a168e9a952b) Importer(815301076,1909f56bfc062723c751e8b465ee728b)
Start importing Assets/savabels/money using Guid(07e73778bf50043418638a168e9a952b) Importer(815301076,1909f56bfc062723c751e8b465ee728b)  -> (artifact id: '4436027240355cbc30376fdb358a37b6') in 0.000383 seconds
Number of updated asset objects reloaded before import = 0
Number of asset objects unloaded after import = 0
========================================================================
Received Import Request.
  Time since last request: 0.073999 seconds.
  path: Assets/savabels/money/bolt.png
  artifactKey: Guid(4259b45885549b84598c812562a55200) Importer(815301076,1909f56bfc062723c751e8b465ee728b)
Start importing Assets/savabels/money/bolt.png using Guid(4259b45885549b84598c812562a55200) Importer(815301076,1909f56bfc062723c751e8b465ee728b)  -> (artifact id: '8caf6913c2889b96a146605a10da1e2e') in 0.024277 seconds
Number of updated asset objects reloaded before import = 0
Number of asset objects unloaded after import = 2
========================================================================
Received Import Request.
  Time since last request: 33.481044 seconds.
  path: Assets/savabels/money/bolt.png
  artifactKey: Guid(4259b45885549b84598c812562a55200) Importer(815301076,1909f56bfc062723c751e8b465ee728b)
Start importing Assets/savabels/money/bolt.png using Guid(4259b45885549b84598c812562a55200) Importer(815301076,1909f56bfc062723c751e8b465ee728b)  -> (artifact id: 'e68f6b68f95a9655fb825a746cdb902d') in 0.030317 seconds
Number of updated asset objects reloaded before import = 0
Number of asset objects unloaded after import = 3
========================================================================
Received Prepare
Begin MonoManager ReloadAssembly
- Loaded All Assemblies, in  0.470 seconds
Refreshing native plugins compatible for Editor in 2.20 ms, found 3 plugins.
Native extension for WindowsStandalone target not found
Mono: successfully reloaded assembly
- Finished resetting the current domain, in  0.711 seconds
Domain Reload Profiling:
	ReloadAssembly (175ms)
		BeginReloadAssembly (124ms)
			ExecutionOrderSort (0ms)
			DisableScriptedObjects (3ms)
			BackupInstance (0ms)
			ReleaseScriptingObjects (0ms)
			CreateAndSetChildDomain (32ms)
		LoadAllAssembliesAndSetupDomain (294ms)
			LoadAssemblies (181ms)
			RebuildTransferFunctionScriptingTraits (0ms)
			SetupTypeCache (176ms)
				TypeCache.Initialize (173ms)
					TypeCache.ScanAssembly (168ms)
				ResolveRequiredComponents (3ms)
		FinalizeReload (0ms)
			ReleaseScriptCaches (0ms)
			RebuildScriptCaches (0ms)
			SetupLoadedEditorAssemblies (321ms)
				LogAssemblyErrors (0ms)
				InitializePlatformSupportModulesInManaged (4ms)
				SetLoadedEditorAssemblies (4ms)
				RefreshPlugins (0ms)
				BeforeProcessingInitializeOnLoad (47ms)
				ProcessInitializeOnLoadAttributes (248ms)
				ProcessInitializeOnLoadMethodAttributes (15ms)
				AfterProcessingInitializeOnLoad (3ms)
				EditorAssembliesLoaded (0ms)
			ExecutionOrderSort2 (0ms)
			AwakeInstancesAfterBackupRestoration (5ms)
Refreshing native plugins compatible for Editor in 2.47 ms, found 3 plugins.
Preloading 0 native plugins for Editor in 0.00 ms.
Unloading 3233 Unused Serialized files (Serialized files now loaded: 0)
Unloading 23 unused Assets / (101.8 KB). Loaded Objects now: 3798.
Memory consumption went from 127.6 MB to 127.5 MB.
Total: 2.966500 ms (FindLiveObjects: 0.207600 ms CreateObjectMapping: 0.102500 ms MarkObjects: 2.610600 ms  DeleteObjects: 0.045200 ms)

Prepare: number of updated asset objects reloaded= 0
AssetImportParameters requested are different than current active one (requested -> active):
  custom:container-demuxer-ogg: 62fdf1f143b41e24485cea50d1cbac27 -> 
  custom:video-decoder-ogg-theora: a1e56fd34408186e4bbccfd4996cb3dc -> 
  custom:framework-win-MediaFoundation: 216162199b28c13a410421893ffa2e32 -> 
  custom:container-demuxer-webm: 4f35f7cbe854078d1ac9338744f61a02 -> 
  custom:container-muxer-webm: aa71ff27fc2769a1b78a27578f13a17b -> 
  custom:video-decoder-webm-vp8: 9c59270c3fd7afecdb556c50c9e8de78 -> 
  custom:AudioImporter_EditorPlatform: d09bf68614088b80899f8185d706f6e7 -> 
  custom:video-encoder-webm-vp8: eb34c28f22e8b96e1ab97ce403110664 -> 
  custom:audio-decoder-ogg-vorbis: bf7c407c2cedff20999df2af8eb42d56 -> 
  custom:audio-encoder-webm-vorbis: bf7c407c2cedff20999df2af8eb42d56 -> 
